Started by user [8mha:////4DSHz5odlkv+AW6ysSMk451hKuaDxUJevFYKaxAilkPfAAAAlx+LCAAAAAAAAP9b85aBtbiIQTGjNKU4P08vOT+vOD8nVc83PyU1x6OyILUoJzMv2y+/JJUBAhiZGBgqihhk0NSjKDWzXb3RdlLBUSYGJk8GtpzUvPSSDB8G5tKinBIGIZ+sxLJE/ZzEvHT94JKizLx0a6BxUmjGOUNodHsLgAzeEgZu/dLi1CL94tzMkkQAMT/n7cAAAAA=[0mSmita B Kumar
Checking out git https://github.com/brijeshsmita/jenkins-maven-pipeline-sample.git into C:\Users\smitkuma\.jenkins\workspace\my-first-pipeline-java@script\94d002566deb9e994975fa1d31afa9b7161a4c4eb949ef91a7ac37ab91f205de to read Demo1SpringBoot/Jenkinsfile
The recommended git tool is: NONE
No credentials specified
 > C:\Program Files\Git\bin\git.exe rev-parse --resolve-git-dir C:\Users\smitkuma\.jenkins\workspace\my-first-pipeline-java@script\94d002566deb9e994975fa1d31afa9b7161a4c4eb949ef91a7ac37ab91f205de\.git # timeout=10
Fetching changes from the remote Git repository
 > C:\Program Files\Git\bin\git.exe config remote.origin.url https://github.com/brijeshsmita/jenkins-maven-pipeline-sample.git # timeout=10
Fetching upstream changes from https://github.com/brijeshsmita/jenkins-maven-pipeline-sample.git
 > C:\Program Files\Git\bin\git.exe --version # timeout=10
 > git --version # 'git version 2.40.0.windows.1'
 > C:\Program Files\Git\bin\git.exe fetch --tags --force --progress -- https://github.com/brijeshsmita/jenkins-maven-pipeline-sample.git +refs/heads/*:refs/remotes/origin/* # timeout=10
 > C:\Program Files\Git\bin\git.exe rev-parse "refs/remotes/origin/master^{commit}" # timeout=10
Checking out Revision 58b04cb89698108dd1e0c54e1faafae1699479b1 (refs/remotes/origin/master)
 > C:\Program Files\Git\bin\git.exe config core.sparsecheckout # timeout=10
 > C:\Program Files\Git\bin\git.exe checkout -f 58b04cb89698108dd1e0c54e1faafae1699479b1 # timeout=10
Commit message: "Adding Jenkinsfile updated 2"
 > C:\Program Files\Git\bin\git.exe rev-list --no-walk be38422289de21427130d7997730ca3e1a0e6ea6 # timeout=10
org.codehaus.groovy.control.MultipleCompilationErrorsException: startup failed:
WorkflowScript: 2: Undefined section "stage" @ line 2, column 9.
           stage('Build') {
           ^

WorkflowScript: 9: Multiple occurrences of the stage section @ line 9, column 3.
   		stage('Test'){
     ^

WorkflowScript: 9: Undefined section "stage" @ line 9, column 3.
   		stage('Test'){
     ^

WorkflowScript: 14: Multiple occurrences of the stage section @ line 14, column 3.
   		stage('Deploy') {
     ^

WorkflowScript: 14: Undefined section "stage" @ line 14, column 3.
   		stage('Deploy') {
     ^

WorkflowScript: 1: Missing required section "stages" @ line 1, column 1.
   pipeline {
   ^

WorkflowScript: 1: Missing required section "agent" @ line 1, column 1.
   pipeline {
   ^

7 errors

	at org.codehaus.groovy.control.ErrorCollector.failIfErrors(ErrorCollector.java:309)
	at org.codehaus.groovy.control.CompilationUnit.applyToPrimaryClassNodes(CompilationUnit.java:1107)
	at org.codehaus.groovy.control.CompilationUnit.doPhaseOperation(CompilationUnit.java:624)
	at org.codehaus.groovy.control.CompilationUnit.processPhaseOperations(CompilationUnit.java:602)
	at org.codehaus.groovy.control.CompilationUnit.compile(CompilationUnit.java:579)
	at groovy.lang.GroovyClassLoader.doParseClass(GroovyClassLoader.java:323)
	at groovy.lang.GroovyClassLoader.parseClass(GroovyClassLoader.java:293)
	at org.jenkinsci.plugins.scriptsecurity.sandbox.groovy.GroovySandbox$Scope.parse(GroovySandbox.java:163)
	at org.jenkinsci.plugins.workflow.cps.CpsGroovyShell.doParse(CpsGroovyShell.java:190)
	at org.jenkinsci.plugins.workflow.cps.CpsGroovyShell.reparse(CpsGroovyShell.java:175)
	at org.jenkinsci.plugins.workflow.cps.CpsFlowExecution.parseScript(CpsFlowExecution.java:569)
	at org.jenkinsci.plugins.workflow.cps.CpsFlowExecution.start(CpsFlowExecution.java:519)
	at org.jenkinsci.plugins.workflow.job.WorkflowRun.run(WorkflowRun.java:336)
	at hudson.model.ResourceController.execute(ResourceController.java:101)
	at hudson.model.Executor.run(Executor.java:442)
Finished: FAILURE
